yarn run v1.22.21
$ storybook build --output-dir /var/folders/zk/440wqfl92p326snhrhk9fhl40000gn/T/chromatic--69777-6iU3DJUQggvO
@storybook/cli v8.0.10

info => Cleaning outputDir: ../../../../var/folders/zk/440wqfl92p326snhrhk9fhl40000gn/T/chromatic--69777-6iU3DJUQggvO
info => Loading presets
info => Building manager..
info => Manager built (313 ms)
info => Building preview..
info => Copying static files: public at ../../../../var/folders/zk/440wqfl92p326snhrhk9fhl40000gn/T/chromatic--69777-6iU3DJUQggvO
vite v4.5.3 building for production...
transforming...
✓ 783 modules transformed.
rendering chunks...
computing gzip size...
../../../../var/folders/zk/440wqfl92p326snhrhk9fhl40000gn/T/chromatic--69777-6iU3DJUQggvO/iframe.html                                     12.95 kB │ gzip:   3.62 kB
../../../../var/folders/zk/440wqfl92p326snhrhk9fhl40000gn/T/chromatic--69777-6iU3DJUQggvO/assets/percolate-dac75269.ttf                   34.04 kB
../../../../var/folders/zk/440wqfl92p326snhrhk9fhl40000gn/T/chromatic--69777-6iU3DJUQggvO/assets/percolate-ec979d96.woff                  34.11 kB
../../../../var/folders/zk/440wqfl92p326snhrhk9fhl40000gn/T/chromatic--69777-6iU3DJUQggvO/assets/percolate-5ed633c2.eot                   34.21 kB
../../../../var/folders/zk/440wqfl92p326snhrhk9fhl40000gn/T/chromatic--69777-6iU3DJUQggvO/assets/percolate-d13fa91b.svg                  140.51 kB │ gzip:  46.93 kB
../../../../var/folders/zk/440wqfl92p326snhrhk9fhl40000gn/T/chromatic--69777-6iU3DJUQggvO/assets/preview-dd25d82c.css                      6.87 kB │ gzip:   2.05 kB
../../../../var/folders/zk/440wqfl92p326snhrhk9fhl40000gn/T/chromatic--69777-6iU3DJUQggvO/assets/preview-73c648b3.js                       0.07 kB │ gzip:   0.08 kB
../../../../var/folders/zk/440wqfl92p326snhrhk9fhl40000gn/T/chromatic--69777-6iU3DJUQggvO/assets/WithTooltip-Y7J54OF7-11faea2e.js          0.39 kB │ gzip:   0.25 kB
../../../../var/folders/zk/440wqfl92p326snhrhk9fhl40000gn/T/chromatic--69777-6iU3DJUQggvO/assets/syntaxhighlighter-JOJW2KGS-b23e423a.js    0.43 kB │ gzip:   0.28 kB
../../../../var/folders/zk/440wqfl92p326snhrhk9fhl40000gn/T/chromatic--69777-6iU3DJUQggvO/assets/index-d5a2978e.js                         0.46 kB │ gzip:   0.30 kB
../../../../var/folders/zk/440wqfl92p326snhrhk9fhl40000gn/T/chromatic--69777-6iU3DJUQggvO/assets/preview-ee71643a.js                       0.64 kB │ gzip:   0.45 kB
../../../../var/folders/zk/440wqfl92p326snhrhk9fhl40000gn/T/chromatic--69777-6iU3DJUQggvO/assets/preview-ae5c16e9.js                       0.66 kB │ gzip:   0.43 kB
../../../../var/folders/zk/440wqfl92p326snhrhk9fhl40000gn/T/chromatic--69777-6iU3DJUQggvO/assets/_commonjsHelpers-de833af9.js              0.69 kB │ gzip:   0.38 kB
../../../../var/folders/zk/440wqfl92p326snhrhk9fhl40000gn/T/chromatic--69777-6iU3DJUQggvO/assets/preview-3e3634b1.js                       0.75 kB │ gzip:   0.50 kB
../../../../var/folders/zk/440wqfl92p326snhrhk9fhl40000gn/T/chromatic--69777-6iU3DJUQggvO/assets/index-356e4a49.js                         0.77 kB │ gzip:   0.47 kB
../../../../var/folders/zk/440wqfl92p326snhrhk9fhl40000gn/T/chromatic--69777-6iU3DJUQggvO/assets/index-8d47fad6.js                         0.80 kB │ gzip:   0.52 kB
../../../../var/folders/zk/440wqfl92p326snhrhk9fhl40000gn/T/chromatic--69777-6iU3DJUQggvO/assets/preview-0ef86afd.js                       0.86 kB │ gzip:   0.55 kB
../../../../var/folders/zk/440wqfl92p326snhrhk9fhl40000gn/T/chromatic--69777-6iU3DJUQggvO/assets/preview-9c4f21ae.js                       0.91 kB │ gzip:   0.62 kB
../../../../var/folders/zk/440wqfl92p326snhrhk9fhl40000gn/T/chromatic--69777-6iU3DJUQggvO/assets/entry-preview-d27ea87f.js                 1.28 kB │ gzip:   0.74 kB
../../../../var/folders/zk/440wqfl92p326snhrhk9fhl40000gn/T/chromatic--69777-6iU3DJUQggvO/assets/index-8c3ac41d.js                         2.59 kB │ gzip:   1.26 kB
../../../../var/folders/zk/440wqfl92p326snhrhk9fhl40000gn/T/chromatic--69777-6iU3DJUQggvO/assets/preview-98b085a7.js                       3.19 kB │ gzip:   1.37 kB
../../../../var/folders/zk/440wqfl92p326snhrhk9fhl40000gn/T/chromatic--69777-6iU3DJUQggvO/assets/preview-76c1789d.js                       3.52 kB │ gzip:   1.71 kB
../../../../var/folders/zk/440wqfl92p326snhrhk9fhl40000gn/T/chromatic--69777-6iU3DJUQggvO/assets/Task.stories-75b84f0c.js                  3.66 kB │ gzip:   1.52 kB
../../../../var/folders/zk/440wqfl92p326snhrhk9fhl40000gn/T/chromatic--69777-6iU3DJUQggvO/assets/iframe-d9574622.js                        4.37 kB │ gzip:   1.59 kB
../../../../var/folders/zk/440wqfl92p326snhrhk9fhl40000gn/T/chromatic--69777-6iU3DJUQggvO/assets/index-8b3efc3f.js                         7.18 kB │ gzip:   2.92 kB
../../../../var/folders/zk/440wqfl92p326snhrhk9fhl40000gn/T/chromatic--69777-6iU3DJUQggvO/assets/preview-da31036b.js                       7.62 kB │ gzip:   1.55 kB
../../../../var/folders/zk/440wqfl92p326snhrhk9fhl40000gn/T/chromatic--69777-6iU3DJUQggvO/assets/preview-c56bf6ac.js                       8.28 kB │ gzip:   3.17 kB
../../../../var/folders/zk/440wqfl92p326snhrhk9fhl40000gn/T/chromatic--69777-6iU3DJUQggvO/assets/index-f8993c17.js                         8.85 kB │ gzip:   3.59 kB
../../../../var/folders/zk/440wqfl92p326snhrhk9fhl40000gn/T/chromatic--69777-6iU3DJUQggvO/assets/InboxScreen.stories-42216112.js          21.32 kB │ gzip:   8.36 kB
../../../../var/folders/zk/440wqfl92p326snhrhk9fhl40000gn/T/chromatic--69777-6iU3DJUQggvO/assets/Color-RQJUDNI5-5a9a6e48.js               30.99 kB │ gzip:  11.72 kB
../../../../var/folders/zk/440wqfl92p326snhrhk9fhl40000gn/T/chromatic--69777-6iU3DJUQggvO/assets/TaskList.stories-a97937cd.js             32.82 kB │ gzip:  12.16 kB
../../../../var/folders/zk/440wqfl92p326snhrhk9fhl40000gn/T/chromatic--69777-6iU3DJUQggvO/assets/preview-89993985.js                      56.97 kB │ gzip:  16.95 kB
../../../../var/folders/zk/440wqfl92p326snhrhk9fhl40000gn/T/chromatic--69777-6iU3DJUQggvO/assets/_getPrototype-0dd2ffd8.js                78.93 kB │ gzip:  23.68 kB
../../../../var/folders/zk/440wqfl92p326snhrhk9fhl40000gn/T/chromatic--69777-6iU3DJUQggvO/assets/react-18-0a210e0b.js                    134.50 kB │ gzip:  43.38 kB
../../../../var/folders/zk/440wqfl92p326snhrhk9fhl40000gn/T/chromatic--69777-6iU3DJUQggvO/assets/formatter-B5HCVTEV-85fd20d8.js          210.80 kB │ gzip:  70.69 kB
../../../../var/folders/zk/440wqfl92p326snhrhk9fhl40000gn/T/chromatic--69777-6iU3DJUQggvO/assets/entry-preview-docs-f34bfe4b.js          212.82 kB │ gzip:  66.61 kB
../../../../var/folders/zk/440wqfl92p326snhrhk9fhl40000gn/T/chromatic--69777-6iU3DJUQggvO/assets/axe-0ab6c4fc.js                         570.36 kB │ gzip: 157.48 kB
../../../../var/folders/zk/440wqfl92p326snhrhk9fhl40000gn/T/chromatic--69777-6iU3DJUQggvO/assets/DocsRenderer-K4EAMTCU-2ddfc4fa.js       583.81 kB │ gzip: 176.54 kB
../../../../var/folders/zk/440wqfl92p326snhrhk9fhl40000gn/T/chromatic--69777-6iU3DJUQggvO/assets/index-444a5176.js                       583.97 kB │ gzip: 155.58 kB
✓ built in 13.37s
info => Preview built (14 s)
info => Output directory: /var/folders/zk/440wqfl92p326snhrhk9fhl40000gn/T/chromatic--69777-6iU3DJUQggvO
Done in 18.52s.
